<?xml version="1.0" encoding="UTF-8"?>
<testng-results ignored="0" total="1" passed="1" failed="0" skipped="0">
  <reporter-output>
  </reporter-output>
  <suite started-at="2022-11-05T23:41:46 CET" name="Default suite" finished-at="2022-11-05T23:42:28 CET" duration-ms="42185">
    <groups>
    </groups>
    <test started-at="2022-11-05T23:41:46 CET" name="Default test" finished-at="2022-11-05T23:42:28 CET" duration-ms="42185">
      <class name="scripting.ThirdSenario">
        <test-method is-config="true" signature="openApp()[pri:0, instance:scripting.ThirdSenario@5c30a9b0]" started-at="2022-11-05T23:41:46 CET" name="openApp" finished-at="2022-11-05T23:41:52 CET" duration-ms="5675" status="PASS">
          <reporter-output>
          </reporter-output>
        </test-method> <!-- openApp -->
        <test-method signature="ts()[pri:0, instance:scripting.ThirdSenario@5c30a9b0]" started-at="2022-11-05T23:41:52 CET" name="ts" finished-at="2022-11-05T23:42:28 CET" duration-ms="36215" status="PASS">
          <reporter-output>
          </reporter-output>
        </test-method> <!-- ts -->
        <test-method is-config="true" signature="closeApp(org.testng.ITestResult)[pri:0, instance:scripting.ThirdSenario@5c30a9b0]" started-at="2022-11-05T23:42:28 CET" name="closeApp" finished-at="2022-11-05T23:42:28 CET" duration-ms="249" status="PASS">
          <params>
            <param index="0">
              <value>
                <![CDATA[[TestResult name=ts status=SUCCESS method=ThirdSenario.ts()[pri:0, instance:scripting.ThirdSenario@5c30a9b0] output={null}]]]>
              </value>
            </param>
          </params>
          <reporter-output>
          </reporter-output>
        </test-method> <!-- closeApp -->
      </class> <!-- scripting.ThirdSenario -->
    </test> <!-- Default test -->
  </suite> <!-- Default suite -->
</testng-results>
